[INFO] Scanning for projects...
[INFO] 
[INFO] ------------------------< com.voicepay:backend >------------------------
[INFO] Building backend 0.0.1-SNAPSHOT
[INFO]   from pom.xml
[INFO] --------------------------------[ jar ]---------------------------------
[INFO] 
[INFO] --- resources:3.3.1:resources (default-resources) @ backend ---
[INFO] Copying 1 resource from src\main\resources to target\classes
[INFO] Copying 0 resource from src\main\resources to target\classes
[INFO] 
[INFO] --- compiler:3.14.1:compile (default-compile) @ backend ---
[INFO] Recompiling the module because of changed source code.
[INFO] Compiling 19 source files with javac [debug parameters release 17] to target\classes
[INFO] /C:/Users/lenovo/OneDrive/Desktop/VoicePay/backend/src/main/java/com/voicepay/backend/security/JwtUtils.java: C:\Users\lenovo\OneDrive\Desktop\VoicePay\backend\src\main\java\com\voicepay\backend\security\JwtUtils.java uses or overrides a deprecated API.
[INFO] /C:/Users/lenovo/OneDrive/Desktop/VoicePay/backend/src/main/java/com/voicepay/backend/security/JwtUtils.java: Recompile with -Xlint:deprecation for details.
[INFO] ------------------------------------------------------------------------
[INFO] BUILD SUCCESS
[INFO] ------------------------------------------------------------------------
[INFO] Total time:  2.148 s
[INFO] Finished at: 2026-02-26T09:37:03+05:30
[INFO] ------------------------------------------------------------------------
